# JRE version: OpenJDK Runtime Environment (11.0.15) (build 11.0.15+0-b2043.56-9505619)
# Java VM: OpenJDK 64-Bit Server VM (11.0.15+0-b2043.56-9505619, mixed mode, tiered, compressed oops, g1 gc, windows-amd64)
Heap:
 garbage-first heap   total 199680K, used 141231K [0x0000000080000000, 0x0000000100000000)
  region size 1024K, 49 young (50176K), 4 survivors (4096K)
 Metaspace       used 100965K, capacity 103977K, committed 104144K, reserved 1138688K
  class space    used 13145K, capacity 14320K, committed 14412K, reserved 1048576K
GC Heap History (20 events):
Event: 22.226 GC heap before
{Heap before GC invocations=27 (full 0):
 garbage-first heap   total 138240K, used 100352K [0x0000000080000000, 0x0000000100000000)
  region size 1024K, 49 young (50176K), 5 survivors (5120K)
 Metaspace       used 74115K, capacity 75930K, committed 76112K, reserved 1116160K
  class space    used 9688K, capacity 10385K, committed 10444K, reserved 1048576K
}
Event: 22.248 GC heap after
{Heap after GC invocations=28 (full 0):
 garbage-first heap   total 138240K, used 58223K [0x0000000080000000, 0x0000000100000000)
  region size 1024K, 5 young (5120K), 5 survivors (5120K)
 Metaspace       used 74115K, capacity 75930K, committed 76112K, reserved 1116160K
  class space    used 9688K, capacity 10385K, committed 10444K, reserved 1048576K
}
Event: 23.570 GC heap before
{Heap before GC invocations=28 (full 0):
 garbage-first heap   total 138240K, used 106351K [0x0000000080000000, 0x0000000100000000)
  region size 1024K, 52 young (53248K), 5 survivors (5120K)
 Metaspace       used 79109K, capacity 81066K, committed 81232K, reserved 1120256K
  class space    used 10360K, capacity 11097K, committed 11212K, reserved 1048576K
}
Event: 23.585 GC heap after
{Heap after GC invocations=29 (full 0):
 garbage-first heap   total 138240K, used 61437K [0x0000000080000000, 0x0000000100000000)
  region size 1024K, 6 young (6144K), 6 survivors (6144K)
 Metaspace       used 79109K, capacity 81066K, committed 81232K, reserved 1120256K
  class space    used 10360K, capacity 11097K, committed 11212K, reserved 1048576K
}
Event: 24.180 GC heap before
{Heap before GC invocations=29 (full 0):
 garbage-first heap   total 138240K, used 108541K [0x0000000080000000, 0x0000000100000000)
  region size 1024K, 52 young (53248K), 6 survivors (6144K)
 Metaspace       used 80099K, capacity 82081K, committed 82384K, reserved 1120256K
  class space    used 10470K, capacity 11217K, committed 11340K, reserved 1048576K
}
Event: 24.199 GC heap after
{Heap after GC invocations=30 (full 0):
 garbage-first heap   total 138240K, used 66520K [0x0000000080000000, 0x0000000100000000)
  region size 1024K, 7 young (7168K), 7 survivors (7168K)
 Metaspace       used 80099K, capacity 82081K, committed 82384K, reserved 1120256K
  class space    used 10470K, capacity 11217K, committed 11340K, reserved 1048576K
}
Event: 25.327 GC heap before
{Heap before GC invocations=30 (full 0):
 garbage-first heap   total 138240K, used 110552K [0x0000000080000000, 0x0000000100000000)
  region size 1024K, 50 young (51200K), 7 survivors (7168K)
 Metaspace       used 81988K, capacity 84272K, committed 84560K, reserved 1122304K
  class space    used 10804K, capacity 11649K, committed 11724K, reserved 1048576K
}
Event: 25.349 GC heap after
{Heap after GC invocations=31 (full 0):
 garbage-first heap   total 165888K, used 72008K [0x0000000080000000, 0x0000000100000000)
  region size 1024K, 5 young (5120K), 5 survivors (5120K)
 Metaspace       used 81988K, capacity 84272K, committed 84560K, reserved 1122304K
  class space    used 10804K, capacity 11649K, committed 11724K, reserved 1048576K
}
Event: 26.521 GC heap before
{Heap before GC invocations=31 (full 0):
 garbage-first heap   total 165888K, used 121160K [0x0000000080000000, 0x0000000100000000)
  region size 1024K, 54 young (55296K), 5 survivors (5120K)
 Metaspace       used 82889K, capacity 85273K, committed 85456K, reserved 1122304K
  class space    used 10904K, capacity 11799K, committed 11852K, reserved 1048576K
}
Event: 26.535 GC heap after
{Heap after GC invocations=32 (full 0):
 garbage-first heap   total 165888K, used 75524K [0x0000000080000000, 0x0000000100000000)
  region size 1024K, 4 young (4096K), 4 survivors (4096K)
 Metaspace       used 82889K, capacity 85273K, committed 85456K, reserved 1122304K
  class space    used 10904K, capacity 11799K, committed 11852K, reserved 1048576K
}
Event: 27.821 GC heap before
{Heap before GC invocations=32 (full 0):
 garbage-first heap   total 165888K, used 124676K [0x0000000080000000, 0x0000000100000000)
  region size 1024K, 53 young (54272K), 4 survivors (4096K)
 Metaspace       used 83764K, capacity 86216K, committed 86352K, reserved 1124352K
  class space    used 10979K, capacity 11885K, committed 11980K, reserved 1048576K
}
Event: 27.840 GC heap after
{Heap after GC invocations=33 (full 0):
 garbage-first heap   total 165888K, used 78787K [0x0000000080000000, 0x0000000100000000)
  region size 1024K, 7 young (7168K), 7 survivors (7168K)
 Metaspace       used 83764K, capacity 86216K, committed 86352K, reserved 1124352K
  class space    used 10979K, capacity 11885K, committed 11980K, reserved 1048576K
}
Event: 29.060 GC heap before
{Heap before GC invocations=33 (full 0):
 garbage-first heap   total 165888K, used 127939K [0x0000000080000000, 0x0000000100000000)
  region size 1024K, 56 young (57344K), 7 survivors (7168K)
 Metaspace       used 88562K, capacity 91119K, committed 91344K, reserved 1128448K
  class space    used 11560K, capacity 12549K, committed 12620K, reserved 1048576K
}
Event: 29.081 GC heap after
{Heap after GC invocations=34 (full 0):
 garbage-first heap   total 165888K, used 83736K [0x0000000080000000, 0x0000000100000000)
  region size 1024K, 5 young (5120K), 5 survivors (5120K)
 Metaspace       used 88562K, capacity 91119K, committed 91344K, reserved 1128448K
  class space    used 11560K, capacity 12549K, committed 12620K, reserved 1048576K
}
Event: 29.409 GC heap before
{Heap before GC invocations=34 (full 0):
 garbage-first heap   total 165888K, used 92952K [0x0000000080000000, 0x0000000100000000)
  region size 1024K, 16 young (16384K), 5 survivors (5120K)
 Metaspace       used 91285K, capacity 93955K, committed 94288K, reserved 1130496K
  class space    used 11877K, capacity 12880K, committed 13004K, reserved 1048576K
}
Event: 29.437 GC heap after
{Heap after GC invocations=35 (full 0):
 garbage-first heap   total 199680K, used 85022K [0x0000000080000000, 0x0000000100000000)
  region size 1024K, 2 young (2048K), 2 survivors (2048K)
 Metaspace       used 91285K, capacity 93955K, committed 94288K, reserved 1130496K
  class space    used 11877K, capacity 12880K, committed 13004K, reserved 1048576K
}
Event: 31.638 GC heap before
{Heap before GC invocations=36 (full 0):
 garbage-first heap   total 199680K, used 139294K [0x0000000080000000, 0x0000000100000000)
  region size 1024K, 54 young (55296K), 2 survivors (2048K)
 Metaspace       used 93570K, capacity 96217K, committed 96464K, reserved 1132544K
  class space    used 12103K, capacity 13091K, committed 13132K, reserved 1048576K
}
Event: 31.661 GC heap after
{Heap after GC invocations=37 (full 0):
 garbage-first heap   total 199680K, used 93872K [0x0000000080000000, 0x0000000100000000)
  region size 1024K, 7 young (7168K), 7 survivors (7168K)
 Metaspace       used 93570K, capacity 96217K, committed 96464K, reserved 1132544K
  class space    used 12103K, capacity 13091K, committed 13132K, reserved 1048576K
}
Event: 33.361 GC heap before
{Heap before GC invocations=37 (full 0):
 garbage-first heap   total 199680K, used 149168K [0x0000000080000000, 0x0000000100000000)
  region size 1024K, 60 young (61440K), 7 survivors (7168K)
 Metaspace       used 94971K, capacity 97703K, committed 97744K, reserved 1134592K
  class space    used 12299K, capacity 13349K, committed 13388K, reserved 1048576K
}
Event: 33.383 GC heap after
{Heap after GC invocations=38 (full 0):
 garbage-first heap   total 199680K, used 97199K [0x0000000080000000, 0x0000000100000000)
  region size 1024K, 4 young (4096K), 4 survivors (4096K)
 Metaspace       used 94971K, capacity 97703K, committed 97744K, reserved 1134592K
  class space    used 12299K, capacity 13349K, committed 13388K, reserved 1048576K
}

