# JRE version: OpenJDK Runtime Environment (11.0.15) (build 11.0.15+0-b2043.56-9505619)
# Java VM: OpenJDK 64-Bit Server VM (11.0.15+0-b2043.56-9505619, mixed mode, tiered, compressed oops, g1 gc, windows-amd64)
Heap:
 garbage-first heap   total 199680K, used 136404K [0x0000000080000000, 0x0000000100000000)
  region size 1024K, 27 young (27648K), 3 survivors (3072K)
 Metaspace       used 87363K, capacity 89743K, committed 90064K, reserved 1126400K
  class space    used 11311K, capacity 12230K, committed 12364K, reserved 1048576K
GC Heap History (20 events):
Event: 28.918 GC heap before
{Heap before GC invocations=44 (full 0):
 garbage-first heap   total 114688K, used 87160K [0x0000000080000000, 0x0000000100000000)
  region size 1024K, 32 young (32768K), 4 survivors (4096K)
 Metaspace       used 73911K, capacity 75775K, committed 76112K, reserved 1116160K
  class space    used 9649K, capacity 10349K, committed 10444K, reserved 1048576K
}
Event: 28.931 GC heap after
{Heap after GC invocations=45 (full 0):
 garbage-first heap   total 138240K, used 60510K [0x0000000080000000, 0x0000000100000000)
  region size 1024K, 4 young (4096K), 4 survivors (4096K)
 Metaspace       used 73911K, capacity 75775K, committed 76112K, reserved 1116160K
  class space    used 9649K, capacity 10349K, committed 10444K, reserved 1048576K
}
Event: 30.296 GC heap before
{Heap before GC invocations=45 (full 0):
 garbage-first heap   total 138240K, used 99422K [0x0000000080000000, 0x0000000100000000)
  region size 1024K, 42 young (43008K), 4 survivors (4096K)
 Metaspace       used 78440K, capacity 80306K, committed 80592K, reserved 1118208K
  class space    used 10284K, capacity 11011K, committed 11084K, reserved 1048576K
}
Event: 30.310 GC heap after
{Heap after GC invocations=46 (full 0):
 garbage-first heap   total 138240K, used 62532K [0x0000000080000000, 0x0000000100000000)
  region size 1024K, 4 young (4096K), 4 survivors (4096K)
 Metaspace       used 78440K, capacity 80306K, committed 80592K, reserved 1118208K
  class space    used 10284K, capacity 11011K, committed 11084K, reserved 1048576K
}
Event: 31.560 GC heap before
{Heap before GC invocations=46 (full 0):
 garbage-first heap   total 138240K, used 104516K [0x0000000080000000, 0x0000000100000000)
  region size 1024K, 45 young (46080K), 4 survivors (4096K)
 Metaspace       used 80140K, capacity 82143K, committed 82256K, reserved 1120256K
  class space    used 10468K, capacity 11212K, committed 11212K, reserved 1048576K
}
Event: 31.581 GC heap after
{Heap after GC invocations=47 (full 0):
 garbage-first heap   total 138240K, used 66646K [0x0000000080000000, 0x0000000100000000)
  region size 1024K, 6 young (6144K), 6 survivors (6144K)
 Metaspace       used 80140K, capacity 82143K, committed 82256K, reserved 1120256K
  class space    used 10468K, capacity 11212K, committed 11212K, reserved 1048576K
}
Event: 32.055 GC heap before
{Heap before GC invocations=47 (full 0):
 garbage-first heap   total 138240K, used 107606K [0x0000000080000000, 0x0000000100000000)
  region size 1024K, 46 young (47104K), 6 survivors (6144K)
 Metaspace       used 80243K, capacity 82180K, committed 82384K, reserved 1120256K
  class space    used 10482K, capacity 11222K, committed 11340K, reserved 1048576K
}
Event: 32.079 GC heap after
{Heap after GC invocations=48 (full 0):
 garbage-first heap   total 138240K, used 72679K [0x0000000080000000, 0x0000000100000000)
  region size 1024K, 6 young (6144K), 6 survivors (6144K)
 Metaspace       used 80243K, capacity 82180K, committed 82384K, reserved 1120256K
  class space    used 10482K, capacity 11222K, committed 11340K, reserved 1048576K
}
Event: 33.338 GC heap before
{Heap before GC invocations=48 (full 0):
 garbage-first heap   total 138240K, used 109543K [0x0000000080000000, 0x0000000100000000)
  region size 1024K, 43 young (44032K), 6 survivors (6144K)
 Metaspace       used 82646K, capacity 84964K, committed 85200K, reserved 1122304K
  class space    used 10897K, capacity 11784K, committed 11852K, reserved 1048576K
}
Event: 33.356 GC heap after
{Heap after GC invocations=49 (full 0):
 garbage-first heap   total 165888K, used 76026K [0x0000000080000000, 0x0000000100000000)
  region size 1024K, 3 young (3072K), 3 survivors (3072K)
 Metaspace       used 82646K, capacity 84964K, committed 85200K, reserved 1122304K
  class space    used 10897K, capacity 11784K, committed 11852K, reserved 1048576K
}
Event: 35.655 GC heap before
{Heap before GC invocations=50 (full 0):
 garbage-first heap   total 165888K, used 121082K [0x0000000080000000, 0x0000000100000000)
  region size 1024K, 48 young (49152K), 3 survivors (3072K)
 Metaspace       used 84008K, capacity 86358K, committed 86608K, reserved 1124352K
  class space    used 10985K, capacity 11896K, committed 11980K, reserved 1048576K
}
Event: 35.673 GC heap after
{Heap after GC invocations=51 (full 0):
 garbage-first heap   total 165888K, used 77995K [0x0000000080000000, 0x0000000100000000)
  region size 1024K, 5 young (5120K), 5 survivors (5120K)
 Metaspace       used 84008K, capacity 86358K, committed 86608K, reserved 1124352K
  class space    used 10985K, capacity 11896K, committed 11980K, reserved 1048576K
}
Event: 37.601 GC heap before
{Heap before GC invocations=51 (full 0):
 garbage-first heap   total 165888K, used 126123K [0x0000000080000000, 0x0000000100000000)
  region size 1024K, 53 young (54272K), 5 survivors (5120K)
 Metaspace       used 86571K, capacity 88963K, committed 89168K, reserved 1126400K
  class space    used 11251K, capacity 12142K, committed 12236K, reserved 1048576K
}
Event: 37.626 GC heap after
{Heap after GC invocations=52 (full 0):
 garbage-first heap   total 165888K, used 85192K [0x0000000080000000, 0x0000000100000000)
  region size 1024K, 7 young (7168K), 7 survivors (7168K)
 Metaspace       used 86571K, capacity 88963K, committed 89168K, reserved 1126400K
  class space    used 11251K, capacity 12142K, committed 12236K, reserved 1048576K
}
Event: 37.659 GC heap before
{Heap before GC invocations=52 (full 0):
 garbage-first heap   total 165888K, used 86216K [0x0000000080000000, 0x0000000100000000)
  region size 1024K, 9 young (9216K), 7 survivors (7168K)
 Metaspace       used 86573K, capacity 88963K, committed 89168K, reserved 1126400K
  class space    used 11251K, capacity 12142K, committed 12236K, reserved 1048576K
}
Event: 37.679 GC heap after
{Heap after GC invocations=53 (full 0):
 garbage-first heap   total 165888K, used 87155K [0x0000000080000000, 0x0000000100000000)
  region size 1024K, 2 young (2048K), 2 survivors (2048K)
 Metaspace       used 86573K, capacity 88963K, committed 89168K, reserved 1126400K
  class space    used 11251K, capacity 12142K, committed 12236K, reserved 1048576K
}
Event: 38.425 GC heap before
{Heap before GC invocations=54 (full 0):
 garbage-first heap   total 165888K, used 122995K [0x0000000080000000, 0x0000000100000000)
  region size 1024K, 28 young (28672K), 2 survivors (2048K)
 Metaspace       used 86526K, capacity 88855K, committed 89168K, reserved 1126400K
  class space    used 11218K, capacity 12082K, committed 12236K, reserved 1048576K
}
Event: 38.446 GC heap after
{Heap after GC invocations=55 (full 0):
 garbage-first heap   total 199680K, used 101678K [0x0000000080000000, 0x0000000100000000)
  region size 1024K, 4 young (4096K), 4 survivors (4096K)
 Metaspace       used 86526K, capacity 88855K, committed 89168K, reserved 1126400K
  class space    used 11218K, capacity 12082K, committed 12236K, reserved 1048576K
}
Event: 38.901 GC heap before
{Heap before GC invocations=55 (full 0):
 garbage-first heap   total 199680K, used 116014K [0x0000000080000000, 0x0000000100000000)
  region size 1024K, 19 young (19456K), 4 survivors (4096K)
 Metaspace       used 87102K, capacity 89536K, committed 89680K, reserved 1126400K
  class space    used 11287K, capacity 12184K, committed 12236K, reserved 1048576K
}
Event: 38.921 GC heap after
{Heap after GC invocations=56 (full 0):
 garbage-first heap   total 199680K, used 104660K [0x0000000080000000, 0x0000000100000000)
  region size 1024K, 3 young (3072K), 3 survivors (3072K)
 Metaspace       used 87102K, capacity 89536K, committed 89680K, reserved 1126400K
  class space    used 11287K, capacity 12184K, committed 12236K, reserved 1048576K
}

