# JRE version: OpenJDK Runtime Environment (11.0.15) (build 11.0.15+0-b2043.56-9505619)
# Java VM: OpenJDK 64-Bit Server VM (11.0.15+0-b2043.56-9505619, mixed mode, tiered, compressed oops, g1 gc, windows-amd64)
Heap:
 garbage-first heap   total 235520K, used 104865K [0x0000000080000000, 0x0000000100000000)
  region size 1024K, 4 young (4096K), 4 survivors (4096K)
 Metaspace       used 87286K, capacity 89662K, committed 90024K, reserved 1126400K
  class space    used 11303K, capacity 12227K, committed 12324K, reserved 1048576K
GC Heap History (20 events):
Event: 20.465 GC heap after
{Heap after GC invocations=23 (full 0):
 garbage-first heap   total 114688K, used 51886K [0x0000000080000000, 0x0000000100000000)
  region size 1024K, 5 young (5120K), 5 survivors (5120K)
 Metaspace       used 65179K, capacity 66826K, committed 66896K, reserved 1107968K
  class space    used 8263K, capacity 8888K, committed 8908K, reserved 1048576K
}
Event: 21.292 GC heap before
{Heap before GC invocations=24 (full 0):
 garbage-first heap   total 114688K, used 87726K [0x0000000080000000, 0x0000000100000000)
  region size 1024K, 40 young (40960K), 5 survivors (5120K)
 Metaspace       used 66978K, capacity 68684K, committed 68776K, reserved 1110016K
  class space    used 8521K, capacity 9209K, committed 9252K, reserved 1048576K
}
Event: 21.307 GC heap after
{Heap after GC invocations=25 (full 0):
 garbage-first heap   total 114688K, used 54352K [0x0000000080000000, 0x0000000100000000)
  region size 1024K, 5 young (5120K), 5 survivors (5120K)
 Metaspace       used 66978K, capacity 68684K, committed 68776K, reserved 1110016K
  class space    used 8521K, capacity 9209K, committed 9252K, reserved 1048576K
}
Event: 22.707 GC heap before
{Heap before GC invocations=25 (full 0):
 garbage-first heap   total 114688K, used 90192K [0x0000000080000000, 0x0000000100000000)
  region size 1024K, 40 young (40960K), 5 survivors (5120K)
 Metaspace       used 71113K, capacity 72849K, committed 73128K, reserved 1112064K
  class space    used 9241K, capacity 9947K, committed 10020K, reserved 1048576K
}
Event: 22.718 GC heap after
{Heap after GC invocations=26 (full 0):
 garbage-first heap   total 138240K, used 56382K [0x0000000080000000, 0x0000000100000000)
  region size 1024K, 5 young (5120K), 5 survivors (5120K)
 Metaspace       used 71113K, capacity 72849K, committed 73128K, reserved 1112064K
  class space    used 9241K, capacity 9947K, committed 10020K, reserved 1048576K
}
Event: 24.050 GC heap before
{Heap before GC invocations=26 (full 0):
 garbage-first heap   total 138240K, used 104510K [0x0000000080000000, 0x0000000100000000)
  region size 1024K, 52 young (53248K), 5 survivors (5120K)
 Metaspace       used 75539K, capacity 77378K, committed 77736K, reserved 1116160K
  class space    used 9926K, capacity 10673K, committed 10788K, reserved 1048576K
}
Event: 24.066 GC heap after
{Heap after GC invocations=27 (full 0):
 garbage-first heap   total 138240K, used 58806K [0x0000000080000000, 0x0000000100000000)
  region size 1024K, 5 young (5120K), 5 survivors (5120K)
 Metaspace       used 75539K, capacity 77378K, committed 77736K, reserved 1116160K
  class space    used 9926K, capacity 10673K, committed 10788K, reserved 1048576K
}
Event: 25.507 GC heap before
{Heap before GC invocations=27 (full 0):
 garbage-first heap   total 138240K, used 107958K [0x0000000080000000, 0x0000000100000000)
  region size 1024K, 53 young (54272K), 5 survivors (5120K)
 Metaspace       used 79787K, capacity 81889K, committed 82088K, reserved 1120256K
  class space    used 10435K, capacity 11176K, committed 11300K, reserved 1048576K
}
Event: 25.526 GC heap after
{Heap after GC invocations=28 (full 0):
 garbage-first heap   total 138240K, used 62971K [0x0000000080000000, 0x0000000100000000)
  region size 1024K, 7 young (7168K), 7 survivors (7168K)
 Metaspace       used 79787K, capacity 81889K, committed 82088K, reserved 1120256K
  class space    used 10435K, capacity 11176K, committed 11300K, reserved 1048576K
}
Event: 26.221 GC heap before
{Heap before GC invocations=28 (full 0):
 garbage-first heap   total 138240K, used 110075K [0x0000000080000000, 0x0000000100000000)
  region size 1024K, 53 young (54272K), 7 survivors (7168K)
 Metaspace       used 80117K, capacity 82088K, committed 82344K, reserved 1120256K
  class space    used 10466K, capacity 11216K, committed 11300K, reserved 1048576K
}
Event: 26.242 GC heap after
{Heap after GC invocations=29 (full 0):
 garbage-first heap   total 138240K, used 69384K [0x0000000080000000, 0x0000000100000000)
  region size 1024K, 7 young (7168K), 7 survivors (7168K)
 Metaspace       used 80117K, capacity 82088K, committed 82344K, reserved 1120256K
  class space    used 10466K, capacity 11216K, committed 11300K, reserved 1048576K
}
Event: 27.678 GC heap before
{Heap before GC invocations=29 (full 0):
 garbage-first heap   total 138240K, used 110344K [0x0000000080000000, 0x0000000100000000)
  region size 1024K, 47 young (48128K), 7 survivors (7168K)
 Metaspace       used 82487K, capacity 84780K, committed 84904K, reserved 1122304K
  class space    used 10868K, capacity 11744K, committed 11812K, reserved 1048576K
}
Event: 27.711 GC heap after
{Heap after GC invocations=30 (full 0):
 garbage-first heap   total 165888K, used 73072K [0x0000000080000000, 0x0000000100000000)
  region size 1024K, 4 young (4096K), 4 survivors (4096K)
 Metaspace       used 82487K, capacity 84780K, committed 84904K, reserved 1122304K
  class space    used 10868K, capacity 11744K, committed 11812K, reserved 1048576K
}
Event: 29.963 GC heap before
{Heap before GC invocations=31 (full 0):
 garbage-first heap   total 165888K, used 126320K [0x0000000080000000, 0x0000000100000000)
  region size 1024K, 57 young (58368K), 4 survivors (4096K)
 Metaspace       used 84624K, capacity 87003K, committed 87080K, reserved 1124352K
  class space    used 11045K, capacity 11920K, committed 11940K, reserved 1048576K
}
Event: 29.982 GC heap after
{Heap after GC invocations=32 (full 0):
 garbage-first heap   total 165888K, used 75921K [0x0000000080000000, 0x0000000100000000)
  region size 1024K, 7 young (7168K), 7 survivors (7168K)
 Metaspace       used 84624K, capacity 87003K, committed 87080K, reserved 1124352K
  class space    used 11045K, capacity 11920K, committed 11940K, reserved 1048576K
}
Event: 31.657 GC heap before
{Heap before GC invocations=32 (full 0):
 garbage-first heap   total 165888K, used 124049K [0x0000000080000000, 0x0000000100000000)
  region size 1024K, 51 young (52224K), 7 survivors (7168K)
 Metaspace       used 86403K, capacity 88710K, committed 88872K, reserved 1126400K
  class space    used 11223K, capacity 12102K, committed 12196K, reserved 1048576K
}
Event: 31.711 GC heap after
{Heap after GC invocations=33 (full 0):
 garbage-first heap   total 165888K, used 85815K [0x0000000080000000, 0x0000000100000000)
  region size 1024K, 8 young (8192K), 8 survivors (8192K)
 Metaspace       used 86403K, capacity 88710K, committed 88872K, reserved 1126400K
  class space    used 11223K, capacity 12102K, committed 12196K, reserved 1048576K
}
Event: 33.134 GC heap before
{Heap before GC invocations=34 (full 0):
 garbage-first heap   total 165888K, used 130871K [0x0000000080000000, 0x0000000100000000)
  region size 1024K, 50 young (51200K), 8 survivors (8192K)
 Metaspace       used 87050K, capacity 89523K, committed 89768K, reserved 1126400K
  class space    used 11292K, capacity 12204K, committed 12324K, reserved 1048576K
}
Event: 33.250 GC heap after
{Heap after GC invocations=35 (full 0):
 garbage-first heap   total 165888K, used 101309K [0x0000000080000000, 0x0000000100000000)
  region size 1024K, 7 young (7168K), 7 survivors (7168K)
 Metaspace       used 87050K, capacity 89523K, committed 89768K, reserved 1126400K
  class space    used 11292K, capacity 12204K, committed 12324K, reserved 1048576K
}
Event: 36.069 GC heap before
{Heap before GC invocations=36 (full 0):
 garbage-first heap   total 165888K, used 140221K [0x0000000080000000, 0x0000000100000000)
  region size 1024K, 38 young (38912K), 7 survivors (7168K)
 Metaspace       used 87286K, capacity 89662K, committed 90024K, reserved 1126400K
  class space    used 11303K, capacity 12227K, committed 12324K, reserved 1048576K
}

