# JRE version: OpenJDK Runtime Environment (11.0.15) (build 11.0.15+0-b2043.56-9505619)
# Java VM: OpenJDK 64-Bit Server VM (11.0.15+0-b2043.56-9505619, mixed mode, tiered, compressed oops, g1 gc, windows-amd64)
Heap:
 garbage-first heap   total 225280K, used 107414K [0x0000000080000000, 0x0000000100000000)
  region size 1024K, 4 young (4096K), 4 survivors (4096K)
 Metaspace       used 87327K, capacity 89667K, committed 90012K, reserved 1126400K
  class space    used 11311K, capacity 12229K, committed 12312K, reserved 1048576K
GC Heap History (20 events):
Event: 21.452 GC heap after
{Heap after GC invocations=34 (full 0):
 garbage-first heap   total 114688K, used 56142K [0x0000000080000000, 0x0000000100000000)
  region size 1024K, 4 young (4096K), 4 survivors (4096K)
 Metaspace       used 67277K, capacity 68970K, committed 69148K, reserved 1110016K
  class space    used 8578K, capacity 9241K, committed 9368K, reserved 1048576K
}
Event: 22.469 GC heap before
{Heap before GC invocations=34 (full 0):
 garbage-first heap   total 114688K, used 85838K [0x0000000080000000, 0x0000000100000000)
  region size 1024K, 33 young (33792K), 4 survivors (4096K)
 Metaspace       used 70886K, capacity 72619K, committed 72860K, reserved 1112064K
  class space    used 9223K, capacity 9913K, committed 10008K, reserved 1048576K
}
Event: 22.487 GC heap after
{Heap after GC invocations=35 (full 0):
 garbage-first heap   total 138240K, used 58045K [0x0000000080000000, 0x0000000100000000)
  region size 1024K, 4 young (4096K), 4 survivors (4096K)
 Metaspace       used 70886K, capacity 72619K, committed 72860K, reserved 1112064K
  class space    used 9223K, capacity 9913K, committed 10008K, reserved 1048576K
}
Event: 23.759 GC heap before
{Heap before GC invocations=36 (full 0):
 garbage-first heap   total 138240K, used 96957K [0x0000000080000000, 0x0000000100000000)
  region size 1024K, 42 young (43008K), 4 survivors (4096K)
 Metaspace       used 74265K, capacity 76121K, committed 76444K, reserved 1116160K
  class space    used 9723K, capacity 10447K, committed 10520K, reserved 1048576K
}
Event: 23.771 GC heap after
{Heap after GC invocations=37 (full 0):
 garbage-first heap   total 138240K, used 60550K [0x0000000080000000, 0x0000000100000000)
  region size 1024K, 5 young (5120K), 5 survivors (5120K)
 Metaspace       used 74265K, capacity 76121K, committed 76444K, reserved 1116160K
  class space    used 9723K, capacity 10447K, committed 10520K, reserved 1048576K
}
Event: 24.765 GC heap before
{Heap before GC invocations=37 (full 0):
 garbage-first heap   total 138240K, used 99462K [0x0000000080000000, 0x0000000100000000)
  region size 1024K, 43 young (44032K), 5 survivors (5120K)
 Metaspace       used 78603K, capacity 80532K, committed 80668K, reserved 1118208K
  class space    used 10303K, capacity 11047K, committed 11160K, reserved 1048576K
}
Event: 24.781 GC heap after
{Heap after GC invocations=38 (full 0):
 garbage-first heap   total 138240K, used 62860K [0x0000000080000000, 0x0000000100000000)
  region size 1024K, 5 young (5120K), 5 survivors (5120K)
 Metaspace       used 78603K, capacity 80532K, committed 80668K, reserved 1118208K
  class space    used 10303K, capacity 11047K, committed 11160K, reserved 1048576K
}
Event: 25.393 GC heap before
{Heap before GC invocations=38 (full 0):
 garbage-first heap   total 138240K, used 102796K [0x0000000080000000, 0x0000000100000000)
  region size 1024K, 44 young (45056K), 5 survivors (5120K)
 Metaspace       used 80034K, capacity 82063K, committed 82332K, reserved 1120256K
  class space    used 10468K, capacity 11212K, committed 11288K, reserved 1048576K
}
Event: 25.421 GC heap after
{Heap after GC invocations=39 (full 0):
 garbage-first heap   total 138240K, used 66813K [0x0000000080000000, 0x0000000100000000)
  region size 1024K, 6 young (6144K), 6 survivors (6144K)
 Metaspace       used 80034K, capacity 82063K, committed 82332K, reserved 1120256K
  class space    used 10468K, capacity 11212K, committed 11288K, reserved 1048576K
}
Event: 25.801 GC heap before
{Heap before GC invocations=39 (full 0):
 garbage-first heap   total 138240K, used 105725K [0x0000000080000000, 0x0000000100000000)
  region size 1024K, 44 young (45056K), 6 survivors (6144K)
 Metaspace       used 80098K, capacity 82086K, committed 82332K, reserved 1120256K
  class space    used 10472K, capacity 11216K, committed 11288K, reserved 1048576K
}
Event: 25.825 GC heap after
{Heap after GC invocations=40 (full 0):
 garbage-first heap   total 165888K, used 72411K [0x0000000080000000, 0x0000000100000000)
  region size 1024K, 6 young (6144K), 6 survivors (6144K)
 Metaspace       used 80098K, capacity 82086K, committed 82332K, reserved 1120256K
  class space    used 10472K, capacity 11216K, committed 11288K, reserved 1048576K
}
Event: 27.768 GC heap before
{Heap before GC invocations=40 (full 0):
 garbage-first heap   total 165888K, used 116443K [0x0000000080000000, 0x0000000100000000)
  region size 1024K, 50 young (51200K), 6 survivors (6144K)
 Metaspace       used 82584K, capacity 84867K, committed 85148K, reserved 1122304K
  class space    used 10890K, capacity 11773K, committed 11800K, reserved 1048576K
}
Event: 27.785 GC heap after
{Heap after GC invocations=41 (full 0):
 garbage-first heap   total 165888K, used 75772K [0x0000000080000000, 0x0000000100000000)
  region size 1024K, 3 young (3072K), 3 survivors (3072K)
 Metaspace       used 82584K, capacity 84867K, committed 85148K, reserved 1122304K
  class space    used 10890K, capacity 11773K, committed 11800K, reserved 1048576K
}
Event: 30.141 GC heap before
{Heap before GC invocations=41 (full 0):
 garbage-first heap   total 165888K, used 124924K [0x0000000080000000, 0x0000000100000000)
  region size 1024K, 52 young (53248K), 3 survivors (3072K)
 Metaspace       used 85005K, capacity 87439K, committed 87708K, reserved 1124352K
  class space    used 11101K, capacity 11981K, committed 12056K, reserved 1048576K
}
Event: 30.151 GC heap after
{Heap after GC invocations=42 (full 0):
 garbage-first heap   total 165888K, used 78161K [0x0000000080000000, 0x0000000100000000)
  region size 1024K, 6 young (6144K), 6 survivors (6144K)
 Metaspace       used 85005K, capacity 87439K, committed 87708K, reserved 1124352K
  class space    used 11101K, capacity 11981K, committed 12056K, reserved 1048576K
}
Event: 31.634 GC heap before
{Heap before GC invocations=42 (full 0):
 garbage-first heap   total 165888K, used 120145K [0x0000000080000000, 0x0000000100000000)
  region size 1024K, 48 young (49152K), 6 survivors (6144K)
 Metaspace       used 86484K, capacity 88922K, committed 89116K, reserved 1126400K
  class space    used 11245K, capacity 12131K, committed 12184K, reserved 1048576K
}
Event: 31.675 GC heap after
{Heap after GC invocations=43 (full 0):
 garbage-first heap   total 165888K, used 87040K [0x0000000080000000, 0x0000000100000000)
  region size 1024K, 7 young (7168K), 7 survivors (7168K)
 Metaspace       used 86484K, capacity 88922K, committed 89116K, reserved 1126400K
  class space    used 11245K, capacity 12131K, committed 12184K, reserved 1048576K
}
Event: 32.744 GC heap before
{Heap before GC invocations=44 (full 0):
 garbage-first heap   total 165888K, used 135168K [0x0000000080000000, 0x0000000100000000)
  region size 1024K, 48 young (49152K), 7 survivors (7168K)
 Metaspace       used 87126K, capacity 89607K, committed 89756K, reserved 1126400K
  class space    used 11315K, capacity 12233K, committed 12312K, reserved 1048576K
}
Event: 32.833 GC heap after
{Heap after GC invocations=45 (full 0):
 garbage-first heap   total 165888K, used 103424K [0x0000000080000000, 0x0000000100000000)
  region size 1024K, 7 young (7168K), 7 survivors (7168K)
 Metaspace       used 87126K, capacity 89607K, committed 89756K, reserved 1126400K
  class space    used 11315K, capacity 12233K, committed 12312K, reserved 1048576K
}
Event: 34.097 GC heap before
{Heap before GC invocations=46 (full 0):
 garbage-first heap   total 165888K, used 141312K [0x0000000080000000, 0x0000000100000000)
  region size 1024K, 36 young (36864K), 7 survivors (7168K)
 Metaspace       used 87327K, capacity 89667K, committed 90012K, reserved 1126400K
  class space    used 11311K, capacity 12229K, committed 12312K, reserved 1048576K
}

