# JRE version: OpenJDK Runtime Environment (11.0.15) (build 11.0.15+0-b2043.56-9505619)
# Java VM: OpenJDK 64-Bit Server VM (11.0.15+0-b2043.56-9505619, mixed mode, tiered, compressed oops, g1 gc, windows-amd64)
Heap:
 garbage-first heap   total 114688K, used 55408K [0x0000000080000000, 0x0000000100000000)
  region size 1024K, 7 young (7168K), 2 survivors (2048K)
 Metaspace       used 62956K, capacity 64556K, committed 64848K, reserved 1105920K
  class space    used 7958K, capacity 8612K, committed 8652K, reserved 1048576K
GC Heap History (20 events):
Event: 19.407 GC heap before
{Heap before GC invocations=17 (full 0):
 garbage-first heap   total 65536K, used 49002K [0x0000000080000000, 0x0000000100000000)
  region size 1024K, 21 young (21504K), 2 survivors (2048K)
 Metaspace       used 40659K, capacity 41613K, committed 41808K, reserved 1085440K
  class space    used 5135K, capacity 5520K, committed 5580K, reserved 1048576K
}
Event: 19.415 GC heap after
{Heap after GC invocations=18 (full 0):
 garbage-first heap   total 65536K, used 29382K [0x0000000080000000, 0x0000000100000000)
  region size 1024K, 2 young (2048K), 2 survivors (2048K)
 Metaspace       used 40659K, capacity 41613K, committed 41808K, reserved 1085440K
  class space    used 5135K, capacity 5520K, committed 5580K, reserved 1048576K
}
Event: 19.748 GC heap before
{Heap before GC invocations=18 (full 0):
 garbage-first heap   total 65536K, used 47814K [0x0000000080000000, 0x0000000100000000)
  region size 1024K, 20 young (20480K), 2 survivors (2048K)
 Metaspace       used 41736K, capacity 42728K, committed 42960K, reserved 1087488K
  class space    used 5296K, capacity 5677K, committed 5708K, reserved 1048576K
}
Event: 19.759 GC heap after
{Heap after GC invocations=19 (full 0):
 garbage-first heap   total 78848K, used 30841K [0x0000000080000000, 0x0000000100000000)
  region size 1024K, 2 young (2048K), 2 survivors (2048K)
 Metaspace       used 41736K, capacity 42728K, committed 42960K, reserved 1087488K
  class space    used 5296K, capacity 5677K, committed 5708K, reserved 1048576K
}
Event: 20.279 GC heap before
{Heap before GC invocations=19 (full 0):
 garbage-first heap   total 78848K, used 54393K [0x0000000080000000, 0x0000000100000000)
  region size 1024K, 25 young (25600K), 2 survivors (2048K)
 Metaspace       used 43861K, capacity 44836K, committed 45136K, reserved 1089536K
  class space    used 5626K, capacity 6032K, committed 6092K, reserved 1048576K
}
Event: 20.284 GC heap after
{Heap after GC invocations=20 (full 0):
 garbage-first heap   total 78848K, used 31692K [0x0000000080000000, 0x0000000100000000)
  region size 1024K, 3 young (3072K), 3 survivors (3072K)
 Metaspace       used 43861K, capacity 44836K, committed 45136K, reserved 1089536K
  class space    used 5626K, capacity 6032K, committed 6092K, reserved 1048576K
}
Event: 20.697 GC heap before
{Heap before GC invocations=20 (full 0):
 garbage-first heap   total 78848K, used 55244K [0x0000000080000000, 0x0000000100000000)
  region size 1024K, 26 young (26624K), 3 survivors (3072K)
 Metaspace       used 46092K, capacity 47244K, committed 47440K, reserved 1091584K
  class space    used 5875K, capacity 6299K, committed 6348K, reserved 1048576K
}
Event: 20.704 GC heap after
{Heap after GC invocations=21 (full 0):
 garbage-first heap   total 78848K, used 32512K [0x0000000080000000, 0x0000000100000000)
  region size 1024K, 2 young (2048K), 2 survivors (2048K)
 Metaspace       used 46092K, capacity 47244K, committed 47440K, reserved 1091584K
  class space    used 5875K, capacity 6299K, committed 6348K, reserved 1048576K
}
Event: 21.112 GC heap before
{Heap before GC invocations=21 (full 0):
 garbage-first heap   total 78848K, used 57088K [0x0000000080000000, 0x0000000100000000)
  region size 1024K, 26 young (26624K), 2 survivors (2048K)
 Metaspace       used 47999K, capacity 49172K, committed 49232K, reserved 1091584K
  class space    used 6126K, capacity 6580K, committed 6604K, reserved 1048576K
}
Event: 21.119 GC heap after
{Heap after GC invocations=22 (full 0):
 garbage-first heap   total 78848K, used 32983K [0x0000000080000000, 0x0000000100000000)
  region size 1024K, 3 young (3072K), 3 survivors (3072K)
 Metaspace       used 47999K, capacity 49172K, committed 49232K, reserved 1091584K
  class space    used 6126K, capacity 6580K, committed 6604K, reserved 1048576K
}
Event: 22.278 GC heap before
{Heap before GC invocations=22 (full 0):
 garbage-first heap   total 78848K, used 57559K [0x0000000080000000, 0x0000000100000000)
  region size 1024K, 28 young (28672K), 3 survivors (3072K)
 Metaspace       used 49230K, capacity 50458K, committed 50640K, reserved 1093632K
  class space    used 6245K, capacity 6708K, committed 6732K, reserved 1048576K
}
Event: 22.286 GC heap after
{Heap after GC invocations=23 (full 0):
 garbage-first heap   total 95232K, used 34553K [0x0000000080000000, 0x0000000100000000)
  region size 1024K, 3 young (3072K), 3 survivors (3072K)
 Metaspace       used 49230K, capacity 50458K, committed 50640K, reserved 1093632K
  class space    used 6245K, capacity 6708K, committed 6732K, reserved 1048576K
}
Event: 23.599 GC heap before
{Heap before GC invocations=23 (full 0):
 garbage-first heap   total 95232K, used 69369K [0x0000000080000000, 0x0000000100000000)
  region size 1024K, 35 young (35840K), 3 survivors (3072K)
 Metaspace       used 51690K, capacity 53121K, committed 53328K, reserved 1095680K
  class space    used 6567K, capacity 7098K, committed 7116K, reserved 1048576K
}
Event: 23.608 GC heap after
{Heap after GC invocations=24 (full 0):
 garbage-first heap   total 95232K, used 42646K [0x0000000080000000, 0x0000000100000000)
  region size 1024K, 5 young (5120K), 5 survivors (5120K)
 Metaspace       used 51690K, capacity 53121K, committed 53328K, reserved 1095680K
  class space    used 6567K, capacity 7098K, committed 7116K, reserved 1048576K
}
Event: 24.413 GC heap before
{Heap before GC invocations=24 (full 0):
 garbage-first heap   total 95232K, used 69270K [0x0000000080000000, 0x0000000100000000)
  region size 1024K, 32 young (32768K), 5 survivors (5120K)
 Metaspace       used 55711K, capacity 57123K, committed 57168K, reserved 1099776K
  class space    used 7022K, capacity 7595K, committed 7628K, reserved 1048576K
}
Event: 24.424 GC heap after
{Heap after GC invocations=25 (full 0):
 garbage-first heap   total 95232K, used 44062K [0x0000000080000000, 0x0000000100000000)
  region size 1024K, 2 young (2048K), 2 survivors (2048K)
 Metaspace       used 55711K, capacity 57123K, committed 57168K, reserved 1099776K
  class space    used 7022K, capacity 7595K, committed 7628K, reserved 1048576K
}
Event: 25.252 GC heap before
{Heap before GC invocations=25 (full 0):
 garbage-first heap   total 95232K, used 71710K [0x0000000080000000, 0x0000000100000000)
  region size 1024K, 29 young (29696K), 2 survivors (2048K)
 Metaspace       used 60274K, capacity 61811K, committed 61904K, reserved 1103872K
  class space    used 7621K, capacity 8221K, committed 8268K, reserved 1048576K
}
Event: 25.260 GC heap after
{Heap after GC invocations=26 (full 0):
 garbage-first heap   total 95232K, used 46421K [0x0000000080000000, 0x0000000100000000)
  region size 1024K, 4 young (4096K), 4 survivors (4096K)
 Metaspace       used 60274K, capacity 61811K, committed 61904K, reserved 1103872K
  class space    used 7621K, capacity 8221K, committed 8268K, reserved 1048576K
}
Event: 25.515 GC heap before
{Heap before GC invocations=27 (full 0):
 garbage-first heap   total 95232K, used 62805K [0x0000000080000000, 0x0000000100000000)
  region size 1024K, 16 young (16384K), 4 survivors (4096K)
 Metaspace       used 60302K, capacity 61863K, committed 62160K, reserved 1103872K
  class space    used 7622K, capacity 8216K, committed 8268K, reserved 1048576K
}
Event: 25.530 GC heap after
{Heap after GC invocations=28 (full 0):
 garbage-first heap   total 114688K, used 53169K [0x0000000080000000, 0x0000000100000000)
  region size 1024K, 4 young (4096K), 4 survivors (4096K)
 Metaspace       used 60302K, capacity 61863K, committed 62160K, reserved 1103872K
  class space    used 7622K, capacity 8216K, committed 8268K, reserved 1048576K
}

