# JRE version: OpenJDK Runtime Environment (11.0.15) (build 11.0.15+0-b2043.56-9505619)
# Java VM: OpenJDK 64-Bit Server VM (11.0.15+0-b2043.56-9505619, mixed mode, tiered, compressed oops, g1 gc, windows-amd64)
Heap:
 garbage-first heap   total 224256K, used 118969K [0x0000000080000000, 0x0000000100000000)
  region size 1024K, 4 young (4096K), 4 survivors (4096K)
 Metaspace       used 90303K, capacity 92851K, committed 93264K, reserved 1130496K
  class space    used 11620K, capacity 12607K, committed 12748K, reserved 1048576K
GC Heap History (20 events):
Event: 36.727 GC heap after
{Heap after GC invocations=39 (full 0):
 garbage-first heap   total 154624K, used 78205K [0x0000000080000000, 0x0000000100000000)
  region size 1024K, 4 young (4096K), 4 survivors (4096K)
 Metaspace       used 85793K, capacity 88259K, committed 88400K, reserved 1126400K
  class space    used 11210K, capacity 12148K, committed 12236K, reserved 1048576K
}
Event: 37.836 GC heap before
{Heap before GC invocations=39 (full 0):
 garbage-first heap   total 154624K, used 122237K [0x0000000080000000, 0x0000000100000000)
  region size 1024K, 48 young (49152K), 4 survivors (4096K)
 Metaspace       used 86411K, capacity 88952K, committed 89168K, reserved 1126400K
  class space    used 11251K, capacity 12219K, committed 12236K, reserved 1048576K
}
Event: 37.852 GC heap after
{Heap after GC invocations=40 (full 0):
 garbage-first heap   total 154624K, used 82139K [0x0000000080000000, 0x0000000100000000)
  region size 1024K, 4 young (4096K), 4 survivors (4096K)
 Metaspace       used 86411K, capacity 88952K, committed 89168K, reserved 1126400K
  class space    used 11251K, capacity 12219K, committed 12236K, reserved 1048576K
}
Event: 39.622 GC heap before
{Heap before GC invocations=41 (full 0):
 garbage-first heap   total 154624K, used 123099K [0x0000000080000000, 0x0000000100000000)
  region size 1024K, 45 young (46080K), 4 survivors (4096K)
 Metaspace       used 89160K, capacity 91729K, committed 91856K, reserved 1128448K
  class space    used 11569K, capacity 12571K, committed 12620K, reserved 1048576K
}
Event: 39.636 GC heap after
{Heap after GC invocations=42 (full 0):
 garbage-first heap   total 154624K, used 87250K [0x0000000080000000, 0x0000000100000000)
  region size 1024K, 5 young (5120K), 5 survivors (5120K)
 Metaspace       used 89160K, capacity 91729K, committed 91856K, reserved 1128448K
  class space    used 11569K, capacity 12571K, committed 12620K, reserved 1048576K
}
Event: 39.697 GC heap before
{Heap before GC invocations=42 (full 0):
 garbage-first heap   total 154624K, used 89298K [0x0000000080000000, 0x0000000100000000)
  region size 1024K, 7 young (7168K), 5 survivors (5120K)
 Metaspace       used 89177K, capacity 91729K, committed 91856K, reserved 1128448K
  class space    used 11569K, capacity 12571K, committed 12620K, reserved 1048576K
}
Event: 39.734 GC heap after
{Heap after GC invocations=43 (full 0):
 garbage-first heap   total 154624K, used 87550K [0x0000000080000000, 0x0000000100000000)
  region size 1024K, 1 young (1024K), 1 survivors (1024K)
 Metaspace       used 89177K, capacity 91729K, committed 91856K, reserved 1128448K
  class space    used 11569K, capacity 12571K, committed 12620K, reserved 1048576K
}
Event: 40.082 GC heap before
{Heap before GC invocations=43 (full 0):
 garbage-first heap   total 154624K, used 98814K [0x0000000080000000, 0x0000000100000000)
  region size 1024K, 13 young (13312K), 1 survivors (1024K)
 Metaspace       used 89232K, capacity 91793K, committed 91856K, reserved 1128448K
  class space    used 11569K, capacity 12571K, committed 12620K, reserved 1048576K
}
Event: 40.092 GC heap after
{Heap after GC invocations=44 (full 0):
 garbage-first heap   total 154624K, used 90601K [0x0000000080000000, 0x0000000100000000)
  region size 1024K, 4 young (4096K), 4 survivors (4096K)
 Metaspace       used 89232K, capacity 91793K, committed 91856K, reserved 1128448K
  class space    used 11569K, capacity 12571K, committed 12620K, reserved 1048576K
}
Event: 40.809 GC heap before
{Heap before GC invocations=45 (full 0):
 garbage-first heap   total 154624K, used 128489K [0x0000000080000000, 0x0000000100000000)
  region size 1024K, 32 young (32768K), 4 survivors (4096K)
 Metaspace       used 89233K, capacity 91689K, committed 92112K, reserved 1128448K
  class space    used 11541K, capacity 12513K, committed 12620K, reserved 1048576K
}
Event: 40.833 GC heap after
{Heap after GC invocations=46 (full 0):
 garbage-first heap   total 154624K, used 105333K [0x0000000080000000, 0x0000000100000000)
  region size 1024K, 4 young (4096K), 4 survivors (4096K)
 Metaspace       used 89233K, capacity 91689K, committed 92112K, reserved 1128448K
  class space    used 11541K, capacity 12513K, committed 12620K, reserved 1048576K
}
Event: 40.969 GC heap before
{Heap before GC invocations=46 (full 0):
 garbage-first heap   total 154624K, used 108405K [0x0000000080000000, 0x0000000100000000)
  region size 1024K, 7 young (7168K), 4 survivors (4096K)
 Metaspace       used 89308K, capacity 91817K, committed 92112K, reserved 1128448K
  class space    used 11547K, capacity 12513K, committed 12620K, reserved 1048576K
}
Event: 40.989 GC heap after
{Heap after GC invocations=47 (full 0):
 garbage-first heap   total 186368K, used 106399K [0x0000000080000000, 0x0000000100000000)
  region size 1024K, 1 young (1024K), 1 survivors (1024K)
 Metaspace       used 89308K, capacity 91817K, committed 92112K, reserved 1128448K
  class space    used 11547K, capacity 12513K, committed 12620K, reserved 1048576K
}
Event: 41.298 GC heap before
{Heap before GC invocations=47 (full 0):
 garbage-first heap   total 186368K, used 114591K [0x0000000080000000, 0x0000000100000000)
  region size 1024K, 10 young (10240K), 1 survivors (1024K)
 Metaspace       used 89575K, capacity 92041K, committed 92368K, reserved 1128448K
  class space    used 11570K, capacity 12545K, committed 12620K, reserved 1048576K
}
Event: 41.310 GC heap after
{Heap after GC invocations=48 (full 0):
 garbage-first heap   total 186368K, used 107060K [0x0000000080000000, 0x0000000100000000)
  region size 1024K, 2 young (2048K), 2 survivors (2048K)
 Metaspace       used 89575K, capacity 92041K, committed 92368K, reserved 1128448K
  class space    used 11570K, capacity 12545K, committed 12620K, reserved 1048576K
}
Event: 43.361 GC heap before
{Heap before GC invocations=49 (full 0):
 garbage-first heap   total 186368K, used 149044K [0x0000000080000000, 0x0000000100000000)
  region size 1024K, 35 young (35840K), 2 survivors (2048K)
 Metaspace       used 89872K, capacity 92344K, committed 92624K, reserved 1130496K
  class space    used 11594K, capacity 12559K, committed 12620K, reserved 1048576K
}
Event: 43.391 GC heap after
{Heap after GC invocations=50 (full 0):
 garbage-first heap   total 186368K, used 110432K [0x0000000080000000, 0x0000000100000000)
  region size 1024K, 5 young (5120K), 5 survivors (5120K)
 Metaspace       used 89872K, capacity 92344K, committed 92624K, reserved 1130496K
  class space    used 11594K, capacity 12559K, committed 12620K, reserved 1048576K
}
Event: 43.539 GC heap before
{Heap before GC invocations=50 (full 0):
 garbage-first heap   total 186368K, used 114528K [0x0000000080000000, 0x0000000100000000)
  region size 1024K, 11 young (11264K), 5 survivors (5120K)
 Metaspace       used 89882K, capacity 92344K, committed 92624K, reserved 1130496K
  class space    used 11594K, capacity 12559K, committed 12620K, reserved 1048576K
}
Event: 43.559 GC heap after
{Heap after GC invocations=51 (full 0):
 garbage-first heap   total 186368K, used 115190K [0x0000000080000000, 0x0000000100000000)
  region size 1024K, 5 young (5120K), 5 survivors (5120K)
 Metaspace       used 89882K, capacity 92344K, committed 92624K, reserved 1130496K
  class space    used 11594K, capacity 12559K, committed 12620K, reserved 1048576K
}
Event: 44.094 GC heap before
{Heap before GC invocations=51 (full 0):
 garbage-first heap   total 186368K, used 155126K [0x0000000080000000, 0x0000000100000000)
  region size 1024K, 28 young (28672K), 5 survivors (5120K)
 Metaspace       used 90303K, capacity 92851K, committed 93264K, reserved 1130496K
  class space    used 11620K, capacity 12607K, committed 12748K, reserved 1048576K
}

