# JRE version: OpenJDK Runtime Environment (11.0.15) (build 11.0.15+0-b2043.56-9505619)
# Java VM: OpenJDK 64-Bit Server VM (11.0.15+0-b2043.56-9505619, mixed mode, tiered, compressed oops, g1 gc, windows-amd64)
Heap:
 garbage-first heap   total 199680K, used 83309K [0x0000000080000000, 0x0000000100000000)
  region size 1024K, 4 young (4096K), 4 survivors (4096K)
 Metaspace       used 84859K, capacity 87286K, committed 87400K, reserved 1124352K
  class space    used 11027K, capacity 11945K, committed 12032K, reserved 1048576K
GC Heap History (20 events):
Event: 25.115 GC heap after
{Heap after GC invocations=39 (full 0):
 garbage-first heap   total 114688K, used 53778K [0x0000000080000000, 0x0000000100000000)
  region size 1024K, 4 young (4096K), 4 survivors (4096K)
 Metaspace       used 65243K, capacity 66953K, committed 67176K, reserved 1107968K
  class space    used 8288K, capacity 8952K, committed 8960K, reserved 1048576K
}
Event: 26.030 GC heap before
{Heap before GC invocations=39 (full 0):
 garbage-first heap   total 114688K, used 81426K [0x0000000080000000, 0x0000000100000000)
  region size 1024K, 31 young (31744K), 4 survivors (4096K)
 Metaspace       used 68600K, capacity 70329K, committed 70632K, reserved 1110016K
  class space    used 8828K, capacity 9500K, committed 9600K, reserved 1048576K
}
Event: 26.050 GC heap after
{Heap after GC invocations=40 (full 0):
 garbage-first heap   total 114688K, used 55059K [0x0000000080000000, 0x0000000100000000)
  region size 1024K, 4 young (4096K), 4 survivors (4096K)
 Metaspace       used 68600K, capacity 70329K, committed 70632K, reserved 1110016K
  class space    used 8828K, capacity 9500K, committed 9600K, reserved 1048576K
}
Event: 27.018 GC heap before
{Heap before GC invocations=40 (full 0):
 garbage-first heap   total 114688K, used 82707K [0x0000000080000000, 0x0000000100000000)
  region size 1024K, 31 young (31744K), 4 survivors (4096K)
 Metaspace       used 71465K, capacity 73222K, committed 73448K, reserved 1112064K
  class space    used 9299K, capacity 10003K, committed 10112K, reserved 1048576K
}
Event: 27.032 GC heap after
{Heap after GC invocations=41 (full 0):
 garbage-first heap   total 138240K, used 57338K [0x0000000080000000, 0x0000000100000000)
  region size 1024K, 4 young (4096K), 4 survivors (4096K)
 Metaspace       used 71465K, capacity 73222K, committed 73448K, reserved 1112064K
  class space    used 9299K, capacity 10003K, committed 10112K, reserved 1048576K
}
Event: 28.103 GC heap before
{Heap before GC invocations=42 (full 0):
 garbage-first heap   total 138240K, used 93178K [0x0000000080000000, 0x0000000100000000)
  region size 1024K, 39 young (39936K), 4 survivors (4096K)
 Metaspace       used 74591K, capacity 76418K, committed 76648K, reserved 1116160K
  class space    used 9760K, capacity 10480K, committed 10496K, reserved 1048576K
}
Event: 28.114 GC heap after
{Heap after GC invocations=43 (full 0):
 garbage-first heap   total 138240K, used 59205K [0x0000000080000000, 0x0000000100000000)
  region size 1024K, 4 young (4096K), 4 survivors (4096K)
 Metaspace       used 74591K, capacity 76418K, committed 76648K, reserved 1116160K
  class space    used 9760K, capacity 10480K, committed 10496K, reserved 1048576K
}
Event: 29.522 GC heap before
{Heap before GC invocations=43 (full 0):
 garbage-first heap   total 138240K, used 106309K [0x0000000080000000, 0x0000000100000000)
  region size 1024K, 50 young (51200K), 4 survivors (4096K)
 Metaspace       used 79253K, capacity 81231K, committed 81384K, reserved 1120256K
  class space    used 10379K, capacity 11127K, committed 11136K, reserved 1048576K
}
Event: 29.536 GC heap after
{Heap after GC invocations=44 (full 0):
 garbage-first heap   total 138240K, used 62773K [0x0000000080000000, 0x0000000100000000)
  region size 1024K, 6 young (6144K), 6 survivors (6144K)
 Metaspace       used 79253K, capacity 81231K, committed 81384K, reserved 1120256K
  class space    used 10379K, capacity 11127K, committed 11136K, reserved 1048576K
}
Event: 30.335 GC heap before
{Heap before GC invocations=44 (full 0):
 garbage-first heap   total 138240K, used 108853K [0x0000000080000000, 0x0000000100000000)
  region size 1024K, 51 young (52224K), 6 survivors (6144K)
 Metaspace       used 80081K, capacity 82085K, committed 82280K, reserved 1120256K
  class space    used 10469K, capacity 11215K, committed 11264K, reserved 1048576K
}
Event: 30.355 GC heap after
{Heap after GC invocations=45 (full 0):
 garbage-first heap   total 138240K, used 67921K [0x0000000080000000, 0x0000000100000000)
  region size 1024K, 7 young (7168K), 7 survivors (7168K)
 Metaspace       used 80081K, capacity 82085K, committed 82280K, reserved 1120256K
  class space    used 10469K, capacity 11215K, committed 11264K, reserved 1048576K
}
Event: 31.621 GC heap before
{Heap before GC invocations=45 (full 0):
 garbage-first heap   total 138240K, used 109905K [0x0000000080000000, 0x0000000100000000)
  region size 1024K, 48 young (49152K), 7 survivors (7168K)
 Metaspace       used 82029K, capacity 84292K, committed 84584K, reserved 1122304K
  class space    used 10806K, capacity 11651K, committed 11776K, reserved 1048576K
}
Event: 31.661 GC heap after
{Heap after GC invocations=46 (full 0):
 garbage-first heap   total 165888K, used 72927K [0x0000000080000000, 0x0000000100000000)
  region size 1024K, 5 young (5120K), 5 survivors (5120K)
 Metaspace       used 82029K, capacity 84292K, committed 84584K, reserved 1122304K
  class space    used 10806K, capacity 11651K, committed 11776K, reserved 1048576K
}
Event: 33.214 GC heap before
{Heap before GC invocations=46 (full 0):
 garbage-first heap   total 165888K, used 121055K [0x0000000080000000, 0x0000000100000000)
  region size 1024K, 53 young (54272K), 5 survivors (5120K)
 Metaspace       used 82846K, capacity 85130K, committed 85352K, reserved 1122304K
  class space    used 10887K, capacity 11769K, committed 11776K, reserved 1048576K
}
Event: 33.244 GC heap after
{Heap after GC invocations=47 (full 0):
 garbage-first heap   total 165888K, used 76483K [0x0000000080000000, 0x0000000100000000)
  region size 1024K, 4 young (4096K), 4 survivors (4096K)
 Metaspace       used 82846K, capacity 85130K, committed 85352K, reserved 1122304K
  class space    used 10887K, capacity 11769K, committed 11776K, reserved 1048576K
}
Event: 35.410 GC heap before
{Heap before GC invocations=47 (full 0):
 garbage-first heap   total 165888K, used 125635K [0x0000000080000000, 0x0000000100000000)
  region size 1024K, 53 young (54272K), 4 survivors (4096K)
 Metaspace       used 83821K, capacity 86159K, committed 86248K, reserved 1124352K
  class space    used 10959K, capacity 11852K, committed 11904K, reserved 1048576K
}
Event: 35.429 GC heap after
{Heap after GC invocations=48 (full 0):
 garbage-first heap   total 165888K, used 79872K [0x0000000080000000, 0x0000000100000000)
  region size 1024K, 7 young (7168K), 7 survivors (7168K)
 Metaspace       used 83821K, capacity 86159K, committed 86248K, reserved 1124352K
  class space    used 10959K, capacity 11852K, committed 11904K, reserved 1048576K
}
Event: 37.108 GC heap before
{Heap before GC invocations=48 (full 0):
 garbage-first heap   total 165888K, used 130048K [0x0000000080000000, 0x0000000100000000)
  region size 1024K, 57 young (58368K), 7 survivors (7168K)
 Metaspace       used 83986K, capacity 86388K, committed 86632K, reserved 1124352K
  class space    used 10970K, capacity 11924K, committed 12032K, reserved 1048576K
}
Event: 37.125 GC heap after
{Heap after GC invocations=49 (full 0):
 garbage-first heap   total 165888K, used 82861K [0x0000000080000000, 0x0000000100000000)
  region size 1024K, 7 young (7168K), 7 survivors (7168K)
 Metaspace       used 83986K, capacity 86388K, committed 86632K, reserved 1124352K
  class space    used 10970K, capacity 11924K, committed 12032K, reserved 1048576K
}
Event: 37.453 GC heap before
{Heap before GC invocations=49 (full 0):
 garbage-first heap   total 165888K, used 87981K [0x0000000080000000, 0x0000000100000000)
  region size 1024K, 14 young (14336K), 7 survivors (7168K)
 Metaspace       used 84859K, capacity 87286K, committed 87400K, reserved 1124352K
  class space    used 11027K, capacity 11945K, committed 12032K, reserved 1048576K
}

